<?xml version="1.0" encoding="UTF-8"?>
<testsuite name="com.example.module2.JavaExample2Test" tests="1" skipped="0" failures="0" errors="0" timestamp="2021-09-21T01:47:20" hostname="macbook.local" time="0.017">
  <properties/>
  <testcase name="javaTest2()" classname="com.example.module2.JavaExample2Test" time="0.017"/>
  <system-out><![CDATA[]]></system-out>
  <system-err><![CDATA[]]></system-err>
</testsuite>
