<?xml version="1.0" encoding="UTF-8"?>
<testsuite name="com.example.module1.JavaExample1Test" tests="1" skipped="0" failures="0" errors="0" timestamp="2021-09-21T01:47:18" hostname="macbook.local" time="0.014">
  <properties/>
  <testcase name="javaTest1()" classname="com.example.module1.JavaExample1Test" time="0.014"/>
  <system-out><![CDATA[]]></system-out>
  <system-err><![CDATA[]]></system-err>
</testsuite>
