<?xml version="1.0" encoding="UTF-8"?>
<testsuite name="com.example.module1.KotlinExample1KtTest" tests="1" skipped="0" failures="0" errors="0" timestamp="2021-09-21T01:47:18" hostname="macbook.local" time="0.001">
  <properties/>
  <testcase name="kotlinTest1()" classname="com.example.module1.KotlinExample1KtTest" time="0.001"/>
  <system-out><![CDATA[]]></system-out>
  <system-err><![CDATA[]]></system-err>
</testsuite>
